<?xml version="1.0" encoding="UTF-8"?>
<testng-results ignored="4" total="7" passed="2" failed="1" skipped="0">
  <reporter-output>
  </reporter-output>
  <suite started-at="2022-10-21T14:00:52Z" name="Surefire suite" finished-at="2022-10-21T14:01:08Z" duration-ms="16008">
    <groups>
      <group name="functional">
        <method signature="HomeTests.verifyHeaderNavigationIsWorkingOK()[pri:0, instance:gov.nasa.web.HomeTests@3b8ee898]" name="verifyHeaderNavigationIsWorkingOK" class="gov.nasa.web.HomeTests"/>
        <method signature="HomeTests.verifyNasaApiHomeIsShownProperly()[pri:0, instance:gov.nasa.web.HomeTests@3b8ee898]" name="verifyNasaApiHomeIsShownProperly" class="gov.nasa.web.HomeTests"/>
        <method signature="HomeTests.verifySearchAPIIsWorkingOK()[pri:0, instance:gov.nasa.web.HomeTests@3b8ee898]" name="verifySearchAPIIsWorkingOK" class="gov.nasa.web.HomeTests"/>
      </group> <!-- functional -->
      <group name="web">
        <method signature="HomeTests.verifyHeaderNavigationIsWorkingOK()[pri:0, instance:gov.nasa.web.HomeTests@3b8ee898]" name="verifyHeaderNavigationIsWorkingOK" class="gov.nasa.web.HomeTests"/>
        <method signature="HomeTests.verifyNasaApiHomeIsShownProperly()[pri:0, instance:gov.nasa.web.HomeTests@3b8ee898]" name="verifyNasaApiHomeIsShownProperly" class="gov.nasa.web.HomeTests"/>
        <method signature="HomeTests.verifySearchAPIIsWorkingOK()[pri:0, instance:gov.nasa.web.HomeTests@3b8ee898]" name="verifySearchAPIIsWorkingOK" class="gov.nasa.web.HomeTests"/>
      </group> <!-- web -->
    </groups>
    <test started-at="2022-10-21T14:00:52Z" name="Surefire test" finished-at="2022-10-21T14:01:08Z" duration-ms="16008">
      <class name="gov.nasa.web.HomeTests">
        <test-method is-config="true" signature="setBeforeTests()[pri:0, instance:gov.nasa.web.HomeTests@3b8ee898]" started-at="2022-10-21T14:00:52Z" name="setBeforeTests" finished-at="2022-10-21T14:00:52Z" duration-ms="6" status="PASS">
          <reporter-output>
          </reporter-output>
        </test-method> <!-- setBeforeTests -->
        <test-method signature="verifyNasaApiHomeIsShownProperly()[pri:0, instance:gov.nasa.web.HomeTests@3b8ee898]" started-at="2022-10-21T14:00:52Z" name="verifyNasaApiHomeIsShownProperly" finished-at="2022-10-21T14:00:57Z" duration-ms="5074" status="PASS">
          <reporter-output>
          </reporter-output>
        </test-method> <!-- verifyNasaApiHomeIsShownProperly -->
        <test-method signature="verifySearchAPIIsWorkingOK()[pri:0, instance:gov.nasa.web.HomeTests@3b8ee898]" started-at="2022-10-21T14:00:52Z" name="verifySearchAPIIsWorkingOK" finished-at="2022-10-21T14:00:57Z" duration-ms="5084" status="FAIL">
          <exception class="org.openqa.selenium.NoSuchElementException">
            <message>
              <![CDATA[no such element: Unable to locate element: {"method":"css selector","selector":"#search\-field\-big"}
  (Session info: chrome=106.0.5249.119)
For documentation on this error, please visit: https://www.seleniumhq.org/exceptions/no_such_element.html
Build info: version: '3.141.59', revision: 'e82be7d358', time: '2018-11-14T08:17:03'
System info: host: 'dario-GM-15Z10-GF1650-i5', ip: '127.0.1.1', os.name: 'Linux', os.arch: 'amd64', os.version: '5.4.0-100-generic', java.version: '11.0.16'
Driver info: org.openqa.selenium.chrome.ChromeDriver
Capabilities {acceptInsecureCerts: false, browserName: chrome, browserVersion: 106.0.5249.119, chrome: {chromedriverVersion: 106.0.5249.61 (511755355844..., userDataDir: /tmp/.com.google.Chrome.espzWE}, goog:chromeOptions: {debuggerAddress: localhost:46839}, javascriptEnabled: true, networkConnectionEnabled: false, pageLoadStrategy: normal, platform: LINUX, platformName: LINUX, proxy: Proxy(), setWindowRect: true, strictFileInteractability: false, timeouts: {implicit: 0, pageLoad: 300000, script: 30000}, unhandledPromptBehavior: dismiss and notify, webauthn:extension:credBlob: true, webauthn:extension:largeBlob: true, webauthn:virtualAuthenticators: true}
Session ID: 7705b56d3fd46a6d71855dcc5e88b1db
*** Element info: {Using=id, value=search-field-big}]]>
            </message>
            <full-stacktrace>
              <![CDATA[org.openqa.selenium.NoSuchElementException: no such element: Unable to locate element: {"method":"css selector","selector":"#search\-field\-big"}
  (Session info: chrome=106.0.5249.119)
For documentation on this error, please visit: https://www.seleniumhq.org/exceptions/no_such_element.html
Build info: version: '3.141.59', revision: 'e82be7d358', time: '2018-11-14T08:17:03'
System info: host: 'dario-GM-15Z10-GF1650-i5', ip: '127.0.1.1', os.name: 'Linux', os.arch: 'amd64', os.version: '5.4.0-100-generic', java.version: '11.0.16'
Driver info: org.openqa.selenium.chrome.ChromeDriver
Capabilities {acceptInsecureCerts: false, browserName: chrome, browserVersion: 106.0.5249.119, chrome: {chromedriverVersion: 106.0.5249.61 (511755355844..., userDataDir: /tmp/.com.google.Chrome.espzWE}, goog:chromeOptions: {debuggerAddress: localhost:46839}, javascriptEnabled: true, networkConnectionEnabled: false, pageLoadStrategy: normal, platform: LINUX, platformName: LINUX, proxy: Proxy(), setWindowRect: true, strictFileInteractability: false, timeouts: {implicit: 0, pageLoad: 300000, script: 30000}, unhandledPromptBehavior: dismiss and notify, webauthn:extension:credBlob: true, webauthn:extension:largeBlob: true, webauthn:virtualAuthenticators: true}
Session ID: 7705b56d3fd46a6d71855dcc5e88b1db
*** Element info: {Using=id, value=search-field-big}
at java.base/jdk.internal.reflect.NativeConstructorAccessorImpl.newInstance0(Native Method)
at java.base/jdk.internal.reflect.NativeConstructorAccessorImpl.newInstance(NativeConstructorAccessorImpl.java:62)
at java.base/jdk.internal.reflect.DelegatingConstructorAccessorImpl.newInstance(DelegatingConstructorAccessorImpl.java:45)
at java.base/java.lang.reflect.Constructor.newInstance(Constructor.java:490)
at org.openqa.selenium.remote.http.W3CHttpResponseCodec.createException(W3CHttpResponseCodec.java:187)
at org.openqa.selenium.remote.http.W3CHttpResponseCodec.decode(W3CHttpResponseCodec.java:122)
at org.openqa.selenium.remote.http.W3CHttpResponseCodec.decode(W3CHttpResponseCodec.java:49)
at org.openqa.selenium.remote.HttpCommandExecutor.execute(HttpCommandExecutor.java:158)
at org.openqa.selenium.remote.service.DriverCommandExecutor.execute(DriverCommandExecutor.java:83)
at org.openqa.selenium.remote.RemoteWebDriver.execute(RemoteWebDriver.java:552)
at org.openqa.selenium.remote.RemoteWebDriver.findElement(RemoteWebDriver.java:323)
at org.openqa.selenium.remote.RemoteWebDriver.findElementById(RemoteWebDriver.java:372)
at org.openqa.selenium.By$ById.findElement(By.java:188)
at org.openqa.selenium.remote.RemoteWebDriver.findElement(RemoteWebDriver.java:315)
at org.openqa.selenium.support.pagefactory.DefaultElementLocator.findElement(DefaultElementLocator.java:69)
at org.openqa.selenium.support.pagefactory.internal.LocatingElementHandler.invoke(LocatingElementHandler.java:38)
at com.sun.proxy.$Proxy15.sendKeys(Unknown Source)
at gov.nasa.web.HomeTests.verifySearchAPIIsWorkingOK(HomeTests.java:51)
at java.base/jdk.internal.reflect.NativeMethodAccessorImpl.invoke0(Native Method)
at java.base/jdk.internal.reflect.NativeMethodAccessorImpl.invoke(NativeMethodAccessorImpl.java:62)
at java.base/jdk.internal.reflect.DelegatingMethodAccessorImpl.invoke(DelegatingMethodAccessorImpl.java:43)
at java.base/java.lang.reflect.Method.invoke(Method.java:566)
at org.testng.internal.MethodInvocationHelper.invokeMethod(MethodInvocationHelper.java:124)
at org.testng.internal.Invoker.invokeMethod(Invoker.java:583)
at org.testng.internal.Invoker.invokeTestMethod(Invoker.java:719)
at org.testng.internal.Invoker.invokeTestMethods(Invoker.java:989)
at org.testng.internal.TestMethodWorker.invokeTestMethods(TestMethodWorker.java:125)
at org.testng.internal.TestMethodWorker.run(TestMethodWorker.java:109)
at java.base/java.util.concurrent.ThreadPoolExecutor.runWorker(ThreadPoolExecutor.java:1128)
at java.base/java.util.concurrent.ThreadPoolExecutor$Worker.run(ThreadPoolExecutor.java:628)
at java.base/java.lang.Thread.run(Thread.java:829)
]]>
            </full-stacktrace>
          </exception> <!-- org.openqa.selenium.NoSuchElementException -->
          <reporter-output>
          </reporter-output>
        </test-method> <!-- verifySearchAPIIsWorkingOK -->
        <test-method signature="verifyHeaderNavigationIsWorkingOK()[pri:0, instance:gov.nasa.web.HomeTests@3b8ee898]" started-at="2022-10-21T14:00:52Z" name="verifyHeaderNavigationIsWorkingOK" finished-at="2022-10-21T14:01:08Z" duration-ms="15995" status="PASS">
          <reporter-output>
          </reporter-output>
        </test-method> <!-- verifyHeaderNavigationIsWorkingOK -->
        <test-method is-config="true" signature="after()[pri:0, instance:gov.nasa.web.HomeTests@3b8ee898]" started-at="2022-10-21T14:01:08Z" name="after" finished-at="2022-10-21T14:01:08Z" duration-ms="69" status="PASS">
          <reporter-output>
          </reporter-output>
        </test-method> <!-- after -->
      </class> <!-- gov.nasa.web.HomeTests -->
    </test> <!-- Surefire test -->
  </suite> <!-- Surefire suite -->
</testng-results>
